build/app/outputs/mapping/release/mapping.txt
# compiler: R8
# compiler_version: 1.5.68
# min_api: 21
# pg_map_id: ef4ac50
...
io.grpc.internal.CallCredentialsApplyingTransportFactory -> c.b.n1.k:
    java.util.concurrent.Executor appExecutor -> c
    io.grpc.internal.ClientTransportFactory delegate -> b
    java.util.concurrent.Executor access$200(io.grpc.internal.CallCredentialsApplyingTransportFactory) -> a
    io.grpc.internal.ConnectionClientTransport newClientTransport(java.net.SocketAddress,io.grpc.internal.ClientTransportFactory$ClientTransportOptions,io.grpc.ChannelLogger) -> a
    java.util.concurrent.ScheduledExecutorService getScheduledExecutorService() -> i
io.grpc.internal.CallCredentialsApplyingTransportFactory$CallCredentialsApplyingTransport -> c.b.n1.k$a:
    io.grpc.internal.ConnectionClientTransport delegate -> a
    io.grpc.internal.CallCredentialsApplyingTransportFactory this$0 -> b
    io.grpc.internal.ClientStream newStream(io.grpc.MethodDescriptor,io.grpc.Metadata,io.grpc.CallOptions) -> a
    io.grpc.internal.ConnectionClientTransport delegate() -> b
io.grpc.internal.CallCredentialsApplyingTransportFactory$CallCredentialsApplyingTransport$1 -> c.b.n1.k$a$a:
io.grpc.internal.CallTracer -> c.b.n1.l:
    io.grpc.internal.LongCounter callsFailed -> d
    io.grpc.internal.TimeProvider timeProvider -> a
    io.grpc.internal.LongCounter callsSucceeded -> c
    io.grpc.internal.LongCounter callsStarted -> b
    void reportCallEnded(boolean) -> a
    void reportCallStarted() -> a
io.grpc.internal.CallTracer$1 -> c.b.n1.l$a:
    io.grpc.internal.CallTracer create() -> a
io.grpc.internal.CallTracer$Factory -> c.b.n1.l$b:
    io.grpc.internal.CallTracer create() -> a
io.grpc.internal.CensusStatsModule -> c.b.n1.m:
    double NANOS_PER_MILLI -> j
    io.grpc.Metadata$Key statsHeader -> d
    io.opencensus.stats.StatsRecorder statsRecorder -> b
    java.util.logging.Logger logger -> i
    io.opencensus.tags.Tagger tagger -> a
    boolean propagateTags -> e
    boolean recordStartedRpcs -> f
    boolean recordFinishedRpcs -> g
    boolean recordRealTimeMetrics -> h
    com.google.common.base.Supplier stopwatchSupplier -> c
    void access$100(io.grpc.internal.CensusStatsModule,io.opencensus.tags.TagContext,io.opencensus.stats.Measure$MeasureDouble,double) -> a
    void access$200(io.grpc.internal.CensusStatsModule,io.opencensus.tags.TagContext,io.opencensus.stats.Measure$MeasureLong,long) -> a
    io.opencensus.tags.Tagger access$300(io.grpc.internal.CensusStatsModule) -> a
    io.grpc.ClientInterceptor getClientInterceptor() -> a
    io.grpc.internal.CensusStatsModule$ClientCallTracer newClientCallTracer(io.opencensus.tags.TagContext,java.lang.String) -> a
    void recordRealTimeMetric(io.opencensus.tags.TagContext,io.opencensus.stats.Measure$MeasureDouble,double) -> a
    void recordRealTimeMetric(io.opencensus.tags.TagContext,io.opencensus.stats.Measure$MeasureLong,long) -> a
    java.util.logging.Logger access$000() -> b
    com.google.common.base.Supplier access$400(io.grpc.internal.CensusStatsModule) -> b
    boolean access$500(io.grpc.internal.CensusStatsModule) -> c
    double access$900() -> c
io.grpc.internal.CensusStatsModule$1 -> c.b.n1.m$a:
    io.opencensus.tags.Tagger val$tagger -> b
    io.opencensus.tags.propagation.TagContextBinarySerializer val$tagCtxSerializer -> a
    io.opencensus.tags.TagContext parseBytes(byte[]) -> a
    java.lang.Object parseBytes(byte[]) -> a
    byte[] toBytes(io.opencensus.tags.TagContext) -> a
    byte[] toBytes(java.lang.Object) -> a